<?xml version="1.0" encoding="UTF-8"?>
<!-- Generated by org.testng.reporters.JUnitReportReporter -->
<testsuite skipped="0" hostname="petespc" name="wordPressTests.ProfileLinkTests" tests="4" failures="0" timestamp="23 Aug 2021 16:20:15 GMT" time="4.083" errors="0">
  <testcase name="wordPressDeleteLink" time="0.516" classname="wordPressTests.ProfileLinkTests"/>
  <testcase name="wordPressAddLink" time="1.176" classname="wordPressTests.ProfileLinkTests"/>
  <testcase name="profileDeleteLink" time="0.510" classname="wordPressTests.ProfileLinkTests"/>
  <testcase name="profileAddLink" time="1.881" classname="wordPressTests.ProfileLinkTests"/>
</testsuite> <!-- wordPressTests.ProfileLinkTests -->
