<?xml version="1.0" encoding="UTF-8"?>
<!-- Generated by org.testng.reporters.JUnitReportReporter -->
<testsuite skipped="0" hostname="petespc" name="wordPressTests.LoginTest" tests="1" failures="0" timestamp="20 Aug 2021 19:03:59 GMT" time="20.367" errors="0">
  <testcase name="baseLogin" time="20.367" classname="wordPressTests.LoginTest"/>
</testsuite> <!-- wordPressTests.LoginTest -->
