<?xml version="1.0" encoding="UTF-8"?>
<!-- Generated by org.testng.reporters.JUnitReportReporter -->
<testsuite skipped="0" hostname="petespc" name="wordPressTests.UpdateProfileDetailsTest" tests="1" failures="0" timestamp="23 Aug 2021 16:20:15 GMT" time="41.215" errors="0">
  <testcase name="updateAllTextFieldsSave" time="41.215" classname="wordPressTests.UpdateProfileDetailsTest"/>
</testsuite> <!-- wordPressTests.UpdateProfileDetailsTest -->
