<?xml version="1.0" encoding="UTF-8"?>
<!-- Generated by org.testng.reporters.JUnitReportReporter -->
<testsuite skipped="0" hostname="petespc" name="wordPressTests.ModifyTextFieldsTest" tests="4" failures="0" timestamp="23 Aug 2021 16:20:15 GMT" time="126.057" errors="0">
  <testcase name="modifyFirstName" time="30.151" classname="wordPressTests.ModifyTextFieldsTest"/>
  <testcase name="modifyDisplayName" time="29.111" classname="wordPressTests.ModifyTextFieldsTest"/>
  <testcase name="modifyDescription" time="28.747" classname="wordPressTests.ModifyTextFieldsTest"/>
  <testcase name="modifyLastName" time="38.048" classname="wordPressTests.ModifyTextFieldsTest"/>
</testsuite> <!-- wordPressTests.ModifyTextFieldsTest -->
