<?xml version="1.0" encoding="UTF-8"?>
<!-- Generated by org.testng.reporters.JUnitReportReporter -->
<testsuite skipped="0" hostname="petespc" name="wordPressTests.LoginTest" tests="1" failures="0" timestamp="23 Aug 2021 16:20:15 GMT" time="26.091" errors="0">
  <testcase name="baseLogin" time="26.091" classname="wordPressTests.LoginTest"/>
</testsuite> <!-- wordPressTests.LoginTest -->
