<?xml version="1.0" encoding="UTF-8"?>
<!-- Generated by org.testng.reporters.JUnitReportReporter -->
<testsuite skipped="0" hostname="petespc" name="wordPressTests.ModifyTextFieldsTest" tests="4" failures="0" timestamp="20 Aug 2021 19:03:59 GMT" time="109.449" errors="0">
  <testcase name="modifyFirstName" time="27.407" classname="wordPressTests.ModifyTextFieldsTest"/>
  <testcase name="modifyLastName" time="27.373" classname="wordPressTests.ModifyTextFieldsTest"/>
  <testcase name="modifyDisplayName" time="27.383" classname="wordPressTests.ModifyTextFieldsTest"/>
  <testcase name="modifyDescription" time="27.286" classname="wordPressTests.ModifyTextFieldsTest"/>
</testsuite> <!-- wordPressTests.ModifyTextFieldsTest -->
