<?xml version="1.0" encoding="UTF-8"?>
<!-- Generated by org.testng.reporters.JUnitReportReporter -->
<testsuite skipped="0" hostname="petespc" name="wordPressTests.UpdateProfileDetails" tests="1" failures="0" timestamp="23 Aug 2021 16:07:56 GMT" time="42.488" errors="0">
  <testcase name="updateAllTextFieldsSave" time="42.488" classname="wordPressTests.UpdateProfileDetails"/>
</testsuite> <!-- wordPressTests.UpdateProfileDetails -->
